# JRE version: OpenJDK Runtime Environment (11.0.10) (build 11.0.10+0-b96-7249189)
# Java VM: OpenJDK 64-Bit Server VM (11.0.10+0-b96-7249189, mixed mode, tiered, compressed oops, g1 gc, windows-amd64)
Heap:
 garbage-first heap   total 555008K, used 130033K [0x0000000080000000, 0x0000000100000000)
  region size 1024K, 11 young (11264K), 11 survivors (11264K)
 Metaspace       used 99148K, capacity 101809K, committed 102040K, reserved 1136640K
  class space    used 12906K, capacity 13937K, committed 14028K, reserved 1048576K
GC Heap History (20 events):
Event: 18.478 GC heap after
{Heap after GC invocations=24 (full 0):
 garbage-first heap   total 206848K, used 71543K [0x0000000080000000, 0x0000000100000000)
  region size 1024K, 6 young (6144K), 6 survivors (6144K)
 Metaspace       used 86267K, capacity 88396K, committed 88600K, reserved 1126400K
  class space    used 11167K, capacity 11981K, committed 12108K, reserved 1048576K
}
Event: 19.193 GC heap before
{Heap before GC invocations=24 (full 0):
 garbage-first heap   total 206848K, used 153463K [0x0000000080000000, 0x0000000100000000)
  region size 1024K, 87 young (89088K), 6 survivors (6144K)
 Metaspace       used 90207K, capacity 92499K, committed 92696K, reserved 1130496K
  class space    used 11722K, capacity 12600K, committed 12620K, reserved 1048576K
}
Event: 19.220 GC heap after
{Heap after GC invocations=25 (full 0):
 garbage-first heap   total 206848K, used 87517K [0x0000000080000000, 0x0000000100000000)
  region size 1024K, 11 young (11264K), 11 survivors (11264K)
 Metaspace       used 90207K, capacity 92499K, committed 92696K, reserved 1130496K
  class space    used 11722K, capacity 12600K, committed 12620K, reserved 1048576K
}
Event: 19.687 GC heap before
{Heap before GC invocations=25 (full 0):
 garbage-first heap   total 206848K, used 159197K [0x0000000080000000, 0x0000000100000000)
  region size 1024K, 81 young (82944K), 11 survivors (11264K)
 Metaspace       used 92137K, capacity 94509K, committed 94872K, reserved 1130496K
  class space    used 11975K, capacity 12883K, committed 13004K, reserved 1048576K
}
Event: 19.725 GC heap after
{Heap after GC invocations=26 (full 0):
 garbage-first heap   total 206848K, used 97043K [0x0000000080000000, 0x0000000100000000)
  region size 1024K, 11 young (11264K), 11 survivors (11264K)
 Metaspace       used 92137K, capacity 94509K, committed 94872K, reserved 1130496K
  class space    used 11975K, capacity 12883K, committed 13004K, reserved 1048576K
}
Event: 20.007 GC heap before
{Heap before GC invocations=26 (full 0):
 garbage-first heap   total 206848K, used 159507K [0x0000000080000000, 0x0000000100000000)
  region size 1024K, 72 young (73728K), 11 survivors (11264K)
 Metaspace       used 93357K, capacity 95828K, committed 96152K, reserved 1132544K
  class space    used 12195K, capacity 13170K, committed 13260K, reserved 1048576K
}
Event: 20.061 GC heap after
{Heap after GC invocations=27 (full 0):
 garbage-first heap   total 206848K, used 107935K [0x0000000080000000, 0x0000000100000000)
  region size 1024K, 9 young (9216K), 9 survivors (9216K)
 Metaspace       used 93357K, capacity 95828K, committed 96152K, reserved 1132544K
  class space    used 12195K, capacity 13170K, committed 13260K, reserved 1048576K
}
Event: 20.368 GC heap before
{Heap before GC invocations=27 (full 0):
 garbage-first heap   total 206848K, used 162207K [0x0000000080000000, 0x0000000100000000)
  region size 1024K, 62 young (63488K), 9 survivors (9216K)
 Metaspace       used 95150K, capacity 97727K, committed 98072K, reserved 1134592K
  class space    used 12517K, capacity 13533K, committed 13644K, reserved 1048576K
}
Event: 20.407 GC heap after
{Heap after GC invocations=28 (full 0):
 garbage-first heap   total 206848K, used 117760K [0x0000000080000000, 0x0000000100000000)
  region size 1024K, 8 young (8192K), 8 survivors (8192K)
 Metaspace       used 95150K, capacity 97727K, committed 98072K, reserved 1134592K
  class space    used 12517K, capacity 13533K, committed 13644K, reserved 1048576K
}
Event: 21.177 GC heap before
{Heap before GC invocations=29 (full 0):
 garbage-first heap   total 206848K, used 165888K [0x0000000080000000, 0x0000000100000000)
  region size 1024K, 55 young (56320K), 8 survivors (8192K)
 Metaspace       used 96685K, capacity 99204K, committed 99736K, reserved 1134592K
  class space    used 12652K, capacity 13618K, committed 13772K, reserved 1048576K
}
Event: 21.310 GC heap after
{Heap after GC invocations=30 (full 0):
 garbage-first heap   total 277504K, used 122865K [0x0000000080000000, 0x0000000100000000)
  region size 1024K, 4 young (4096K), 4 survivors (4096K)
 Metaspace       used 96685K, capacity 99204K, committed 99736K, reserved 1134592K
  class space    used 12652K, capacity 13618K, committed 13772K, reserved 1048576K
}
Event: 22.527 GC heap before
{Heap before GC invocations=30 (full 0):
 garbage-first heap   total 277504K, used 195569K [0x0000000080000000, 0x0000000100000000)
  region size 1024K, 76 young (77824K), 4 survivors (4096K)
 Metaspace       used 97065K, capacity 99633K, committed 100120K, reserved 1136640K
  class space    used 12709K, capacity 13694K, committed 13900K, reserved 1048576K
}
Event: 22.587 GC heap after
{Heap after GC invocations=31 (full 0):
 garbage-first heap   total 277504K, used 122707K [0x0000000080000000, 0x0000000100000000)
  region size 1024K, 4 young (4096K), 4 survivors (4096K)
 Metaspace       used 97065K, capacity 99633K, committed 100120K, reserved 1136640K
  class space    used 12709K, capacity 13694K, committed 13900K, reserved 1048576K
}
Event: 23.163 GC heap before
{Heap before GC invocations=31 (full 0):
 garbage-first heap   total 277504K, used 200531K [0x0000000080000000, 0x0000000100000000)
  region size 1024K, 81 young (82944K), 4 survivors (4096K)
 Metaspace       used 97086K, capacity 99650K, committed 100120K, reserved 1136640K
  class space    used 12712K, capacity 13700K, committed 13900K, reserved 1048576K
}
Event: 23.331 GC heap after
{Heap after GC invocations=32 (full 0):
 garbage-first heap   total 277504K, used 122752K [0x0000000080000000, 0x0000000100000000)
  region size 1024K, 4 young (4096K), 4 survivors (4096K)
 Metaspace       used 97086K, capacity 99650K, committed 100120K, reserved 1136640K
  class space    used 12712K, capacity 13700K, committed 13900K, reserved 1048576K
}
Event: 23.850 GC heap before
{Heap before GC invocations=32 (full 0):
 garbage-first heap   total 277504K, used 203648K [0x0000000080000000, 0x0000000100000000)
  region size 1024K, 83 young (84992K), 4 survivors (4096K)
 Metaspace       used 98332K, capacity 100886K, committed 101144K, reserved 1136640K
  class space    used 12856K, capacity 13855K, committed 13900K, reserved 1048576K
}
Event: 23.864 GC heap after
{Heap after GC invocations=33 (full 0):
 garbage-first heap   total 277504K, used 123658K [0x0000000080000000, 0x0000000100000000)
  region size 1024K, 5 young (5120K), 5 survivors (5120K)
 Metaspace       used 98332K, capacity 100886K, committed 101144K, reserved 1136640K
  class space    used 12856K, capacity 13855K, committed 13900K, reserved 1048576K
}
Event: 24.331 GC heap before
{Heap before GC invocations=33 (full 0):
 garbage-first heap   total 277504K, used 211722K [0x0000000080000000, 0x0000000100000000)
  region size 1024K, 91 young (93184K), 5 survivors (5120K)
 Metaspace       used 98999K, capacity 101672K, committed 101784K, reserved 1136640K
  class space    used 12906K, capacity 13937K, committed 14028K, reserved 1048576K
}
Event: 24.348 GC heap after
{Heap after GC invocations=34 (full 0):
 garbage-first heap   total 277504K, used 124913K [0x0000000080000000, 0x0000000100000000)
  region size 1024K, 6 young (6144K), 6 survivors (6144K)
 Metaspace       used 98999K, capacity 101672K, committed 101784K, reserved 1136640K
  class space    used 12906K, capacity 13937K, committed 14028K, reserved 1048576K
}
Event: 24.652 GC heap before
{Heap before GC invocations=34 (full 0):
 garbage-first heap   total 277504K, used 220145K [0x0000000080000000, 0x0000000100000000)
  region size 1024K, 99 young (101376K), 6 survivors (6144K)
 Metaspace       used 99148K, capacity 101809K, committed 102040K, reserved 1136640K
  class space    used 12906K, capacity 13937K, committed 14028K, reserved 1048576K
}

